<?xml version="1.0" encoding="UTF-8"?>
<testng-results ignored="0" total="1" passed="1" failed="0" skipped="0">
  <reporter-output>
  </reporter-output>
  <suite started-at="2022-08-12T17:40:12 IST" name="Default suite" finished-at="2022-08-12T17:42:36 IST" duration-ms="143617">
    <groups>
    </groups>
    <test started-at="2022-08-12T17:40:12 IST" name="Default test" finished-at="2022-08-12T17:42:36 IST" duration-ms="143617">
      <class name="TestCase.TC_Hotels">
        <test-method is-config="true" signature="setUp()[pri:0, instance:TestCase.TC_Hotels@bae7dc0]" started-at="2022-08-12T17:40:12 IST" name="setUp" finished-at="2022-08-12T17:40:17 IST" duration-ms="4310" status="PASS">
          <reporter-output>
          </reporter-output>
        </test-method> <!-- setUp -->
        <test-method signature="verifyandCompareHotels()[pri:0, instance:TestCase.TC_Hotels@bae7dc0]" started-at="2022-08-12T17:40:17 IST" name="verifyandCompareHotels" finished-at="2022-08-12T17:42:36 IST" duration-ms="139152" status="PASS">
          <reporter-output>
          </reporter-output>
        </test-method> <!-- verifyandCompareHotels -->
        <test-method is-config="true" signature="down()[pri:0, instance:TestCase.TC_Hotels@bae7dc0]" started-at="2022-08-12T17:42:36 IST" name="down" finished-at="2022-08-12T17:42:36 IST" duration-ms="65" status="PASS">
          <reporter-output>
          </reporter-output>
        </test-method> <!-- down -->
      </class> <!-- TestCase.TC_Hotels -->
    </test> <!-- Default test -->
  </suite> <!-- Default suite -->
</testng-results>
